TN:
SF:controllers\attractions.js
FN:6,(anonymous_0)
FN:14,(anonymous_1)
FN:16,(anonymous_2)
FN:24,(anonymous_3)
FN:79,(anonymous_4)
FN:103,(anonymous_5)
FN:116,(anonymous_6)
FN:137,(anonymous_7)
FNF:8
FNH:0
FNDA:0,(anonymous_0)
FNDA:0,(anonymous_1)
FNDA:0,(anonymous_2)
FNDA:0,(anonymous_3)
FNDA:0,(anonymous_4)
FNDA:0,(anonymous_5)
FNDA:0,(anonymous_6)
FNDA:0,(anonymous_7)
DA:1,0
DA:6,0
DA:7,0
DA:10,0
DA:11,0
DA:12,0
DA:14,0
DA:16,0
DA:17,0
DA:18,0
DA:22,0
DA:23,0
DA:24,0
DA:25,0
DA:27,0
DA:29,0
DA:30,0
DA:31,0
DA:33,0
DA:34,0
DA:35,0
DA:38,0
DA:41,0
DA:42,0
DA:43,0
DA:44,0
DA:45,0
DA:47,0
DA:49,0
DA:51,0
DA:53,0
DA:54,0
DA:57,0
DA:58,0
DA:61,0
DA:69,0
DA:79,0
DA:80,0
DA:81,0
DA:83,0
DA:84,0
DA:90,0
DA:92,0
DA:103,0
DA:104,0
DA:105,0
DA:106,0
DA:108,0
DA:116,0
DA:117,0
DA:118,0
DA:123,0
DA:124,0
DA:126,0
DA:128,0
DA:137,0
DA:138,0
DA:140,0
DA:142,0
DA:143,0
DA:149,0
DA:151,0
DA:154,0
LF:63
LH:0
BRDA:17,0,0,0
BRDA:17,0,1,0
BRDA:17,1,0,0
BRDA:17,1,1,0
BRDA:29,2,0,0
BRDA:29,2,1,0
BRDA:33,3,0,0
BRDA:33,3,1,0
BRDA:41,4,0,0
BRDA:41,4,1,0
BRDA:42,5,0,0
BRDA:42,5,1,0
BRDA:53,6,0,0
BRDA:53,6,1,0
BRDA:57,7,0,0
BRDA:57,7,1,0
BRDA:83,8,0,0
BRDA:83,8,1,0
BRDA:123,9,0,0
BRDA:123,9,1,0
BRDA:142,10,0,0
BRDA:142,10,1,0
BRF:22
BRH:0
end_of_record
TN:
SF:controllers\auth.js
FN:8,(anonymous_0)
FN:48,(anonymous_1)
FN:83,(anonymous_2)
FN:111,(anonymous_3)
FN:123,(anonymous_4)
FNF:5
FNH:0
FNDA:0,(anonymous_0)
FNDA:0,(anonymous_1)
FNDA:0,(anonymous_2)
FNDA:0,(anonymous_3)
FNDA:0,(anonymous_4)
DA:2,0
DA:3,0
DA:8,0
DA:9,0
DA:10,0
DA:13,0
DA:22,0
DA:24,0
DA:25,0
DA:29,0
DA:31,0
DA:32,0
DA:36,0
DA:38,0
DA:48,0
DA:49,0
DA:52,0
DA:53,0
DA:60,0
DA:62,0
DA:63,0
DA:70,0
DA:72,0
DA:73,0
DA:79,0
DA:83,0
DA:85,0
DA:87,0
DA:93,0
DA:94,0
DA:97,0
DA:111,0
DA:112,0
DA:114,0
DA:123,0
DA:124,0
DA:129,0
LF:37
LH:0
BRDA:24,0,0,0
BRDA:24,0,1,0
BRDA:31,1,0,0
BRDA:31,1,1,0
BRDA:52,2,0,0
BRDA:52,2,1,0
BRDA:52,3,0,0
BRDA:52,3,1,0
BRDA:62,4,0,0
BRDA:62,4,1,0
BRDA:72,5,0,0
BRDA:72,5,1,0
BRDA:93,6,0,0
BRDA:93,6,1,0
BRF:14
BRH:0
end_of_record
TN:
SF:controllers\bookings.js
FN:8,(anonymous_0)
FN:21,(anonymous_1)
FN:32,(anonymous_2)
FN:104,(anonymous_3)
FN:145,(anonymous_4)
FN:253,(anonymous_5)
FN:385,(anonymous_6)
FNF:7
FNH:0
FNDA:0,(anonymous_0)
FNDA:0,(anonymous_1)
FNDA:0,(anonymous_2)
FNDA:0,(anonymous_3)
FNDA:0,(anonymous_4)
FNDA:0,(anonymous_5)
FNDA:0,(anonymous_6)
DA:1,0
DA:2,0
DA:3,0
DA:8,0
DA:11,0
DA:12,0
DA:13,0
DA:15,0
DA:16,0
DA:19,0
DA:20,0
DA:21,0
DA:23,0
DA:24,0
DA:26,0
DA:27,0
DA:30,0
DA:31,0
DA:32,0
DA:34,0
DA:53,0
DA:54,0
DA:55,0
DA:58,0
DA:59,0
DA:60,0
DA:63,0
DA:66,0
DA:67,0
DA:68,0
DA:69,0
DA:70,0
DA:72,0
DA:74,0
DA:75,0
DA:76,0
DA:77,0
DA:78,0
DA:80,0
DA:81,0
DA:84,0
DA:93,0
DA:94,0
DA:104,0
DA:105,0
DA:106,0
DA:121,0
DA:122,0
DA:128,0
DA:134,0
DA:135,0
DA:145,0
DA:146,0
DA:147,0
DA:149,0
DA:150,0
DA:153,0
DA:157,0
DA:158,0
DA:164,0
DA:165,0
DA:166,0
DA:168,0
DA:169,0
DA:175,0
DA:176,0
DA:182,0
DA:183,0
DA:189,0
DA:190,0
DA:191,0
DA:197,0
DA:203,0
DA:204,0
DA:211,0
DA:212,0
DA:213,0
DA:216,0
DA:217,0
DA:224,0
DA:225,0
DA:226,0
DA:232,0
DA:234,0
DA:236,0
DA:242,0
DA:243,0
DA:253,0
DA:254,0
DA:255,0
DA:257,0
DA:258,0
DA:265,0
DA:266,0
DA:273,0
DA:277,0
DA:281,0
DA:285,0
DA:286,0
DA:288,0
DA:289,0
DA:290,0
DA:291,0
DA:297,0
DA:298,0
DA:299,0
DA:305,0
DA:306,0
DA:308,0
DA:309,0
DA:315,0
DA:317,0
DA:318,0
DA:324,0
DA:325,0
DA:331,0
DA:333,0
DA:339,0
DA:340,0
DA:346,0
DA:347,0
DA:348,0
DA:351,0
DA:352,0
DA:359,0
DA:368,0
DA:374,0
DA:375,0
DA:385,0
DA:386,0
DA:387,0
DA:389,0
DA:390,0
DA:397,0
DA:398,0
DA:404,0
DA:406,0
DA:412,0
DA:413,0
LF:139
LH:0
BRDA:12,0,0,0
BRDA:12,0,1,0
BRDA:15,1,0,0
BRDA:15,1,1,0
BRDA:23,2,0,0
BRDA:23,2,1,0
BRDA:26,3,0,0
BRDA:26,3,1,0
BRDA:53,4,0,0
BRDA:53,4,1,0
BRDA:58,5,0,0
BRDA:58,5,1,0
BRDA:66,6,0,0
BRDA:66,6,1,0
BRDA:67,7,0,0
BRDA:67,7,1,0
BRDA:77,8,0,0
BRDA:77,8,1,0
BRDA:80,9,0,0
BRDA:80,9,1,0
BRDA:121,10,0,0
BRDA:121,10,1,0
BRDA:149,11,0,0
BRDA:149,11,1,0
BRDA:150,12,0,0
BRDA:150,12,1,0
BRDA:157,13,0,0
BRDA:157,13,1,0
BRDA:157,14,0,0
BRDA:157,14,1,0
BRDA:168,15,0,0
BRDA:168,15,1,0
BRDA:168,16,0,0
BRDA:168,16,1,0
BRDA:175,17,0,0
BRDA:175,17,1,0
BRDA:182,18,0,0
BRDA:182,18,1,0
BRDA:190,19,0,0
BRDA:190,19,1,0
BRDA:203,20,0,0
BRDA:203,20,1,0
BRDA:213,21,0,0
BRDA:213,21,1,0
BRDA:216,22,0,0
BRDA:216,22,1,0
BRDA:225,23,0,0
BRDA:225,23,1,0
BRDA:257,24,0,0
BRDA:257,24,1,0
BRDA:265,25,0,0
BRDA:265,25,1,0
BRDA:265,26,0,0
BRDA:265,26,1,0
BRDA:273,27,0,0
BRDA:273,27,1,0
BRDA:273,28,0,0
BRDA:273,28,1,0
BRDA:277,29,0,0
BRDA:277,29,1,0
BRDA:277,30,0,0
BRDA:277,30,1,0
BRDA:281,31,0,0
BRDA:281,31,1,0
BRDA:281,31,2,0
BRDA:281,31,3,0
BRDA:281,31,4,0
BRDA:288,32,0,0
BRDA:288,32,1,0
BRDA:290,33,0,0
BRDA:290,33,1,0
BRDA:298,34,0,0
BRDA:298,34,1,0
BRDA:305,35,0,0
BRDA:305,35,1,0
BRDA:306,36,0,0
BRDA:306,36,1,0
BRDA:308,37,0,0
BRDA:308,37,1,0
BRDA:308,38,0,0
BRDA:308,38,1,0
BRDA:317,39,0,0
BRDA:317,39,1,0
BRDA:324,40,0,0
BRDA:324,40,1,0
BRDA:339,41,0,0
BRDA:339,41,1,0
BRDA:348,42,0,0
BRDA:348,42,1,0
BRDA:351,43,0,0
BRDA:351,43,1,0
BRDA:389,44,0,0
BRDA:389,44,1,0
BRDA:397,45,0,0
BRDA:397,45,1,0
BRDA:397,46,0,0
BRDA:397,46,1,0
BRF:97
BRH:0
end_of_record
TN:
SF:controllers\hotels.js
FN:7,(anonymous_0)
FN:15,(anonymous_1)
FN:17,(anonymous_2)
FN:25,(anonymous_3)
FN:80,(anonymous_4)
FN:101,(anonymous_5)
FN:119,(anonymous_6)
FN:140,(anonymous_7)
FN:169,(anonymous_8)
FNF:9
FNH:9
FNDA:5,(anonymous_0)
FNDA:20,(anonymous_1)
FNDA:5,(anonymous_2)
FNDA:1,(anonymous_3)
FNDA:3,(anonymous_4)
FNDA:5,(anonymous_5)
FNDA:2,(anonymous_6)
FNDA:3,(anonymous_7)
FNDA:3,(anonymous_8)
DA:1,1
DA:2,1
DA:7,1
DA:8,5
DA:11,5
DA:12,5
DA:13,5
DA:15,20
DA:17,5
DA:18,5
DA:19,2
DA:23,5
DA:24,5
DA:25,1
DA:26,5
DA:28,5
DA:30,4
DA:31,1
DA:32,1
DA:34,4
DA:35,1
DA:36,1
DA:39,3
DA:42,4
DA:43,4
DA:44,4
DA:45,4
DA:46,4
DA:48,4
DA:50,4
DA:52,4
DA:54,4
DA:55,1
DA:58,4
DA:59,1
DA:62,4
DA:70,1
DA:80,1
DA:81,3
DA:82,3
DA:84,2
DA:85,1
DA:91,1
DA:93,1
DA:101,1
DA:102,5
DA:113,5
DA:119,1
DA:120,2
DA:121,2
DA:122,2
DA:124,1
DA:129,1
DA:140,1
DA:141,3
DA:142,3
DA:143,3
DA:148,2
DA:149,1
DA:155,1
DA:158,1
DA:169,1
DA:170,3
DA:172,3
DA:174,2
DA:175,1
DA:181,1
DA:182,1
DA:184,1
DA:187,1
LF:70
LH:70
BRDA:18,0,0,2
BRDA:18,0,1,3
BRDA:18,1,0,5
BRDA:18,1,1,2
BRDA:30,2,0,1
BRDA:30,2,1,3
BRDA:34,3,0,1
BRDA:34,3,1,3
BRDA:42,4,0,4
BRDA:42,4,1,1
BRDA:43,5,0,4
BRDA:43,5,1,1
BRDA:54,6,0,1
BRDA:54,6,1,3
BRDA:58,7,0,1
BRDA:58,7,1,3
BRDA:84,8,0,1
BRDA:84,8,1,1
BRDA:148,9,0,1
BRDA:148,9,1,1
BRDA:174,10,0,1
BRDA:174,10,1,1
BRF:22
BRH:22
end_of_record
TN:
SF:controllers\transportationBookings.js
FN:8,(anonymous_0)
FN:33,(anonymous_1)
FN:53,(anonymous_2)
FN:98,(anonymous_3)
FN:123,(anonymous_4)
FNF:5
FNH:0
FNDA:0,(anonymous_0)
FNDA:0,(anonymous_1)
FNDA:0,(anonymous_2)
FNDA:0,(anonymous_3)
FNDA:0,(anonymous_4)
DA:1,0
DA:2,0
DA:3,0
DA:8,0
DA:10,0
DA:11,0
DA:16,0
DA:21,0
DA:22,0
DA:23,0
DA:25,0
DA:26,0
DA:33,0
DA:34,0
DA:35,0
DA:39,0
DA:40,0
DA:43,0
DA:45,0
DA:46,0
DA:53,0
DA:54,0
DA:57,0
DA:58,0
DA:59,0
DA:60,0
DA:63,0
DA:64,0
DA:66,0
DA:67,0
DA:68,0
DA:69,0
DA:72,0
DA:73,0
DA:77,0
DA:88,0
DA:90,0
DA:91,0
DA:98,0
DA:99,0
DA:100,0
DA:101,0
DA:102,0
DA:105,0
DA:106,0
DA:109,0
DA:113,0
DA:115,0
DA:116,0
DA:123,0
DA:124,0
DA:125,0
DA:126,0
DA:127,0
DA:128,0
DA:131,0
DA:132,0
DA:136,0
DA:146,0
DA:147,0
DA:149,0
DA:150,0
LF:62
LH:0
BRDA:10,0,0,0
BRDA:10,0,1,0
BRDA:39,1,0,0
BRDA:39,1,1,0
BRDA:59,2,0,0
BRDA:59,2,1,0
BRDA:68,3,0,0
BRDA:68,3,1,0
BRDA:101,4,0,0
BRDA:101,4,1,0
BRDA:105,5,0,0
BRDA:105,5,1,0
BRDA:105,6,0,0
BRDA:105,6,1,0
BRDA:127,7,0,0
BRDA:127,7,1,0
BRDA:131,8,0,0
BRDA:131,8,1,0
BRDA:131,9,0,0
BRDA:131,9,1,0
BRF:20
BRH:0
end_of_record
TN:
SF:controllers\transportations.js
FN:4,(anonymous_0)
FN:14,(anonymous_1)
FN:18,(anonymous_2)
FN:97,(anonymous_3)
FN:120,(anonymous_4)
FN:150,(anonymous_5)
FN:171,(anonymous_6)
FNF:7
FNH:0
FNDA:0,(anonymous_0)
FNDA:0,(anonymous_1)
FNDA:0,(anonymous_2)
FNDA:0,(anonymous_3)
FNDA:0,(anonymous_4)
FNDA:0,(anonymous_5)
FNDA:0,(anonymous_6)
DA:1,0
DA:2,0
DA:4,0
DA:5,0
DA:8,0
DA:9,0
DA:11,0
DA:12,0
DA:14,0
DA:16,0
DA:17,0
DA:18,0
DA:19,0
DA:21,0
DA:24,0
DA:25,0
DA:26,0
DA:27,0
DA:35,0
DA:36,0
DA:40,0
DA:41,0
DA:46,0
DA:48,0
DA:49,0
DA:50,0
DA:52,0
DA:53,0
DA:54,0
DA:56,0
DA:59,0
DA:60,0
DA:61,0
DA:62,0
DA:63,0
DA:65,0
DA:67,0
DA:69,0
DA:71,0
DA:72,0
DA:75,0
DA:76,0
DA:79,0
DA:87,0
DA:97,0
DA:98,0
DA:99,0
DA:101,0
DA:102,0
DA:108,0
DA:110,0
DA:120,0
DA:121,0
DA:122,0
DA:133,0
DA:135,0
DA:140,0
DA:150,0
DA:151,0
DA:152,0
DA:153,0
DA:155,0
DA:159,0
DA:160,0
DA:162,0
DA:164,0
DA:171,0
DA:172,0
DA:173,0
DA:174,0
DA:175,0
DA:177,0
DA:179,0
LF:73
LH:0
BRDA:11,0,0,0
BRDA:11,0,1,0
BRDA:12,1,0,0
BRDA:12,1,1,0
BRDA:24,2,0,0
BRDA:24,2,1,0
BRDA:35,3,0,0
BRDA:35,3,1,0
BRDA:48,4,0,0
BRDA:48,4,1,0
BRDA:52,5,0,0
BRDA:52,5,1,0
BRDA:59,6,0,0
BRDA:59,6,1,0
BRDA:60,7,0,0
BRDA:60,7,1,0
BRDA:71,8,0,0
BRDA:71,8,1,0
BRDA:75,9,0,0
BRDA:75,9,1,0
BRDA:101,10,0,0
BRDA:101,10,1,0
BRDA:153,11,0,0
BRDA:153,11,1,0
BRDA:153,12,0,0
BRDA:153,12,1,0
BRDA:159,13,0,0
BRDA:159,13,1,0
BRDA:174,14,0,0
BRDA:174,14,1,0
BRF:30
BRH:0
end_of_record
