TN:
SF:controllers\attractions.js
FN:6,(anonymous_0)
FN:14,(anonymous_1)
FN:16,(anonymous_2)
FN:24,(anonymous_3)
FN:79,(anonymous_4)
FN:103,(anonymous_5)
FN:116,(anonymous_6)
FN:137,(anonymous_7)
FNF:8
FNH:8
FNDA:5,(anonymous_0)
FNDA:20,(anonymous_1)
FNDA:5,(anonymous_2)
FNDA:1,(anonymous_3)
FNDA:3,(anonymous_4)
FNDA:2,(anonymous_5)
FNDA:3,(anonymous_6)
FNDA:3,(anonymous_7)
DA:1,1
DA:6,1
DA:7,5
DA:10,5
DA:11,5
DA:12,5
DA:14,20
DA:16,5
DA:17,5
DA:18,1
DA:22,5
DA:23,5
DA:24,1
DA:25,5
DA:27,5
DA:29,4
DA:30,1
DA:31,1
DA:33,4
DA:34,1
DA:35,1
DA:38,3
DA:41,4
DA:42,4
DA:43,4
DA:44,4
DA:45,4
DA:47,4
DA:49,4
DA:51,4
DA:53,4
DA:54,1
DA:57,4
DA:58,1
DA:61,4
DA:69,1
DA:79,1
DA:80,3
DA:81,3
DA:83,2
DA:84,1
DA:90,1
DA:92,1
DA:103,1
DA:104,2
DA:105,2
DA:106,1
DA:108,1
DA:116,1
DA:117,3
DA:118,3
DA:123,2
DA:124,1
DA:126,1
DA:128,1
DA:137,1
DA:138,3
DA:140,3
DA:142,2
DA:143,1
DA:149,1
DA:151,1
DA:154,1
LF:63
LH:63
BRDA:17,0,0,1
BRDA:17,0,1,4
BRDA:17,1,0,5
BRDA:17,1,1,1
BRDA:29,2,0,1
BRDA:29,2,1,3
BRDA:33,3,0,1
BRDA:33,3,1,3
BRDA:41,4,0,4
BRDA:41,4,1,2
BRDA:42,5,0,4
BRDA:42,5,1,2
BRDA:53,6,0,1
BRDA:53,6,1,3
BRDA:57,7,0,1
BRDA:57,7,1,3
BRDA:83,8,0,1
BRDA:83,8,1,1
BRDA:123,9,0,1
BRDA:123,9,1,1
BRDA:142,10,0,1
BRDA:142,10,1,1
BRF:22
BRH:22
end_of_record
TN:
SF:controllers\auth.js
FN:8,(anonymous_0)
FN:48,(anonymous_1)
FN:83,(anonymous_2)
FN:111,(anonymous_3)
FN:123,(anonymous_4)
FNF:5
FNH:0
FNDA:0,(anonymous_0)
FNDA:0,(anonymous_1)
FNDA:0,(anonymous_2)
FNDA:0,(anonymous_3)
FNDA:0,(anonymous_4)
DA:2,0
DA:3,0
DA:8,0
DA:9,0
DA:10,0
DA:13,0
DA:22,0
DA:24,0
DA:25,0
DA:29,0
DA:31,0
DA:32,0
DA:36,0
DA:38,0
DA:48,0
DA:49,0
DA:52,0
DA:53,0
DA:60,0
DA:62,0
DA:63,0
DA:70,0
DA:72,0
DA:73,0
DA:79,0
DA:83,0
DA:85,0
DA:87,0
DA:93,0
DA:94,0
DA:97,0
DA:111,0
DA:112,0
DA:114,0
DA:123,0
DA:124,0
DA:129,0
LF:37
LH:0
BRDA:24,0,0,0
BRDA:24,0,1,0
BRDA:31,1,0,0
BRDA:31,1,1,0
BRDA:52,2,0,0
BRDA:52,2,1,0
BRDA:52,3,0,0
BRDA:52,3,1,0
BRDA:62,4,0,0
BRDA:62,4,1,0
BRDA:72,5,0,0
BRDA:72,5,1,0
BRDA:93,6,0,0
BRDA:93,6,1,0
BRF:14
BRH:0
end_of_record
TN:
SF:controllers\bookings.js
FN:8,(anonymous_0)
FN:21,(anonymous_1)
FN:32,(anonymous_2)
FN:104,(anonymous_3)
FN:145,(anonymous_4)
FN:253,(anonymous_5)
FN:385,(anonymous_6)
FNF:7
FNH:7
FNDA:3,(anonymous_0)
FNDA:12,(anonymous_1)
FNDA:1,(anonymous_2)
FNDA:3,(anonymous_3)
FNDA:11,(anonymous_4)
FNDA:11,(anonymous_5)
FNDA:5,(anonymous_6)
DA:1,1
DA:2,1
DA:3,1
DA:8,1
DA:11,3
DA:12,3
DA:13,2
DA:15,1
DA:16,1
DA:19,3
DA:20,3
DA:21,12
DA:23,3
DA:24,1
DA:26,3
DA:27,2
DA:30,3
DA:31,3
DA:32,1
DA:34,3
DA:53,3
DA:54,1
DA:55,1
DA:58,3
DA:59,2
DA:60,2
DA:63,1
DA:66,3
DA:67,3
DA:68,3
DA:69,3
DA:70,3
DA:72,3
DA:74,3
DA:75,3
DA:76,2
DA:77,2
DA:78,1
DA:80,2
DA:81,1
DA:84,2
DA:93,1
DA:94,1
DA:104,1
DA:105,3
DA:106,3
DA:121,2
DA:122,1
DA:128,1
DA:134,1
DA:135,1
DA:145,1
DA:146,11
DA:147,11
DA:149,11
DA:150,1
DA:153,10
DA:157,11
DA:158,1
DA:164,10
DA:165,10
DA:166,10
DA:168,10
DA:169,1
DA:175,9
DA:176,1
DA:182,8
DA:183,1
DA:189,7
DA:190,7
DA:191,1
DA:197,6
DA:203,6
DA:204,1
DA:211,5
DA:212,5
DA:213,1
DA:216,5
DA:217,1
DA:224,4
DA:225,4
DA:226,1
DA:232,3
DA:234,3
DA:236,2
DA:242,1
DA:243,1
DA:253,1
DA:254,11
DA:255,11
DA:257,11
DA:258,1
DA:265,10
DA:266,1
DA:273,9
DA:277,9
DA:281,9
DA:285,9
DA:286,9
DA:288,9
DA:289,9
DA:290,9
DA:291,1
DA:297,8
DA:298,8
DA:299,1
DA:305,7
DA:306,7
DA:308,7
DA:309,1
DA:315,6
DA:317,6
DA:318,1
DA:324,5
DA:325,1
DA:331,4
DA:333,4
DA:339,4
DA:340,1
DA:346,3
DA:347,3
DA:348,1
DA:351,3
DA:352,1
DA:359,2
DA:368,1
DA:374,1
DA:375,1
DA:385,1
DA:386,5
DA:387,5
DA:389,5
DA:390,1
DA:397,4
DA:398,1
DA:404,3
DA:406,2
DA:412,1
DA:413,1
LF:139
LH:139
BRDA:12,0,0,2
BRDA:12,0,1,1
BRDA:15,1,0,1
BRDA:15,1,1,0
BRDA:23,2,0,1
BRDA:23,2,1,2
BRDA:26,3,0,2
BRDA:26,3,1,1
BRDA:53,4,0,1
BRDA:53,4,1,2
BRDA:58,5,0,2
BRDA:58,5,1,1
BRDA:66,6,0,3
BRDA:66,6,1,2
BRDA:67,7,0,3
BRDA:67,7,1,2
BRDA:77,8,0,1
BRDA:77,8,1,1
BRDA:80,9,0,1
BRDA:80,9,1,1
BRDA:121,10,0,1
BRDA:121,10,1,1
BRDA:149,11,0,1
BRDA:149,11,1,10
BRDA:150,12,0,1
BRDA:150,12,1,0
BRDA:157,13,0,1
BRDA:157,13,1,10
BRDA:157,14,0,11
BRDA:157,14,1,11
BRDA:168,15,0,1
BRDA:168,15,1,9
BRDA:168,16,0,10
BRDA:168,16,1,9
BRDA:175,17,0,1
BRDA:175,17,1,8
BRDA:182,18,0,1
BRDA:182,18,1,7
BRDA:190,19,0,1
BRDA:190,19,1,6
BRDA:203,20,0,1
BRDA:203,20,1,5
BRDA:213,21,0,1
BRDA:213,21,1,0
BRDA:216,22,0,1
BRDA:216,22,1,4
BRDA:225,23,0,1
BRDA:225,23,1,3
BRDA:257,24,0,1
BRDA:257,24,1,10
BRDA:265,25,0,1
BRDA:265,25,1,9
BRDA:265,26,0,10
BRDA:265,26,1,1
BRDA:273,27,0,4
BRDA:273,27,1,5
BRDA:273,28,0,9
BRDA:273,28,1,4
BRDA:277,29,0,4
BRDA:277,29,1,5
BRDA:277,30,0,9
BRDA:277,30,1,4
BRDA:281,31,0,9
BRDA:281,31,1,0
BRDA:281,31,2,0
BRDA:281,31,3,0
BRDA:281,31,4,0
BRDA:288,32,0,9
BRDA:288,32,1,0
BRDA:290,33,0,1
BRDA:290,33,1,8
BRDA:298,34,0,1
BRDA:298,34,1,7
BRDA:305,35,0,7
BRDA:305,35,1,0
BRDA:306,36,0,6
BRDA:306,36,1,1
BRDA:308,37,0,1
BRDA:308,37,1,6
BRDA:308,38,0,7
BRDA:308,38,1,6
BRDA:317,39,0,1
BRDA:317,39,1,5
BRDA:324,40,0,1
BRDA:324,40,1,4
BRDA:339,41,0,1
BRDA:339,41,1,3
BRDA:348,42,0,1
BRDA:348,42,1,0
BRDA:351,43,0,1
BRDA:351,43,1,2
BRDA:389,44,0,1
BRDA:389,44,1,4
BRDA:397,45,0,1
BRDA:397,45,1,3
BRDA:397,46,0,4
BRDA:397,46,1,2
BRF:97
BRH:87
end_of_record
TN:
SF:controllers\hotels.js
FN:7,(anonymous_0)
FN:15,(anonymous_1)
FN:17,(anonymous_2)
FN:25,(anonymous_3)
FN:80,(anonymous_4)
FN:101,(anonymous_5)
FN:119,(anonymous_6)
FN:140,(anonymous_7)
FN:169,(anonymous_8)
FNF:9
FNH:8
FNDA:3,(anonymous_0)
FNDA:12,(anonymous_1)
FNDA:3,(anonymous_2)
FNDA:0,(anonymous_3)
FNDA:3,(anonymous_4)
FNDA:5,(anonymous_5)
FNDA:2,(anonymous_6)
FNDA:3,(anonymous_7)
FNDA:3,(anonymous_8)
DA:1,1
DA:2,1
DA:7,1
DA:8,3
DA:11,3
DA:12,3
DA:13,3
DA:15,12
DA:17,3
DA:18,3
DA:19,1
DA:23,3
DA:24,3
DA:25,0
DA:26,3
DA:28,3
DA:30,2
DA:31,1
DA:32,1
DA:34,2
DA:35,1
DA:36,1
DA:39,1
DA:42,2
DA:43,2
DA:44,2
DA:45,2
DA:46,2
DA:48,2
DA:50,2
DA:52,2
DA:54,2
DA:55,1
DA:58,2
DA:59,1
DA:62,2
DA:70,1
DA:80,1
DA:81,3
DA:82,3
DA:84,2
DA:85,1
DA:91,1
DA:93,1
DA:101,1
DA:102,5
DA:113,5
DA:119,1
DA:120,2
DA:121,2
DA:122,2
DA:124,1
DA:129,1
DA:140,1
DA:141,3
DA:142,3
DA:143,3
DA:148,2
DA:149,1
DA:155,1
DA:158,1
DA:169,1
DA:170,3
DA:172,3
DA:174,2
DA:175,1
DA:181,1
DA:182,1
DA:184,1
DA:187,1
LF:70
LH:69
BRDA:18,0,0,1
BRDA:18,0,1,2
BRDA:18,1,0,3
BRDA:18,1,1,1
BRDA:30,2,0,1
BRDA:30,2,1,1
BRDA:34,3,0,1
BRDA:34,3,1,1
BRDA:42,4,0,2
BRDA:42,4,1,0
BRDA:43,5,0,2
BRDA:43,5,1,0
BRDA:54,6,0,1
BRDA:54,6,1,1
BRDA:58,7,0,1
BRDA:58,7,1,1
BRDA:84,8,0,1
BRDA:84,8,1,1
BRDA:148,9,0,1
BRDA:148,9,1,1
BRDA:174,10,0,1
BRDA:174,10,1,1
BRF:22
BRH:20
end_of_record
TN:
SF:controllers\transportationBookings.js
FN:8,(anonymous_0)
FN:33,(anonymous_1)
FN:53,(anonymous_2)
FN:98,(anonymous_3)
FN:123,(anonymous_4)
FNF:5
FNH:0
FNDA:0,(anonymous_0)
FNDA:0,(anonymous_1)
FNDA:0,(anonymous_2)
FNDA:0,(anonymous_3)
FNDA:0,(anonymous_4)
DA:1,0
DA:2,0
DA:3,0
DA:8,0
DA:10,0
DA:11,0
DA:16,0
DA:21,0
DA:22,0
DA:23,0
DA:25,0
DA:26,0
DA:33,0
DA:34,0
DA:35,0
DA:39,0
DA:40,0
DA:43,0
DA:45,0
DA:46,0
DA:53,0
DA:54,0
DA:57,0
DA:58,0
DA:59,0
DA:60,0
DA:63,0
DA:64,0
DA:66,0
DA:67,0
DA:68,0
DA:69,0
DA:72,0
DA:73,0
DA:77,0
DA:88,0
DA:90,0
DA:91,0
DA:98,0
DA:99,0
DA:100,0
DA:101,0
DA:102,0
DA:105,0
DA:106,0
DA:109,0
DA:113,0
DA:115,0
DA:116,0
DA:123,0
DA:124,0
DA:125,0
DA:126,0
DA:127,0
DA:128,0
DA:131,0
DA:132,0
DA:136,0
DA:146,0
DA:147,0
DA:149,0
DA:150,0
LF:62
LH:0
BRDA:10,0,0,0
BRDA:10,0,1,0
BRDA:39,1,0,0
BRDA:39,1,1,0
BRDA:59,2,0,0
BRDA:59,2,1,0
BRDA:68,3,0,0
BRDA:68,3,1,0
BRDA:101,4,0,0
BRDA:101,4,1,0
BRDA:105,5,0,0
BRDA:105,5,1,0
BRDA:105,6,0,0
BRDA:105,6,1,0
BRDA:127,7,0,0
BRDA:127,7,1,0
BRDA:131,8,0,0
BRDA:131,8,1,0
BRDA:131,9,0,0
BRDA:131,9,1,0
BRF:20
BRH:0
end_of_record
TN:
SF:controllers\transportations.js
FN:4,(anonymous_0)
FN:14,(anonymous_1)
FN:18,(anonymous_2)
FN:97,(anonymous_3)
FN:120,(anonymous_4)
FN:150,(anonymous_5)
FN:171,(anonymous_6)
FNF:7
FNH:0
FNDA:0,(anonymous_0)
FNDA:0,(anonymous_1)
FNDA:0,(anonymous_2)
FNDA:0,(anonymous_3)
FNDA:0,(anonymous_4)
FNDA:0,(anonymous_5)
FNDA:0,(anonymous_6)
DA:1,0
DA:2,0
DA:4,0
DA:5,0
DA:8,0
DA:9,0
DA:11,0
DA:12,0
DA:14,0
DA:16,0
DA:17,0
DA:18,0
DA:19,0
DA:21,0
DA:24,0
DA:25,0
DA:26,0
DA:27,0
DA:35,0
DA:36,0
DA:40,0
DA:41,0
DA:46,0
DA:48,0
DA:49,0
DA:50,0
DA:52,0
DA:53,0
DA:54,0
DA:56,0
DA:59,0
DA:60,0
DA:61,0
DA:62,0
DA:63,0
DA:65,0
DA:67,0
DA:69,0
DA:71,0
DA:72,0
DA:75,0
DA:76,0
DA:79,0
DA:87,0
DA:97,0
DA:98,0
DA:99,0
DA:101,0
DA:102,0
DA:108,0
DA:110,0
DA:120,0
DA:121,0
DA:122,0
DA:133,0
DA:135,0
DA:140,0
DA:150,0
DA:151,0
DA:152,0
DA:153,0
DA:155,0
DA:159,0
DA:160,0
DA:162,0
DA:164,0
DA:171,0
DA:172,0
DA:173,0
DA:174,0
DA:175,0
DA:177,0
DA:179,0
LF:73
LH:0
BRDA:11,0,0,0
BRDA:11,0,1,0
BRDA:12,1,0,0
BRDA:12,1,1,0
BRDA:24,2,0,0
BRDA:24,2,1,0
BRDA:35,3,0,0
BRDA:35,3,1,0
BRDA:48,4,0,0
BRDA:48,4,1,0
BRDA:52,5,0,0
BRDA:52,5,1,0
BRDA:59,6,0,0
BRDA:59,6,1,0
BRDA:60,7,0,0
BRDA:60,7,1,0
BRDA:71,8,0,0
BRDA:71,8,1,0
BRDA:75,9,0,0
BRDA:75,9,1,0
BRDA:101,10,0,0
BRDA:101,10,1,0
BRDA:153,11,0,0
BRDA:153,11,1,0
BRDA:153,12,0,0
BRDA:153,12,1,0
BRDA:159,13,0,0
BRDA:159,13,1,0
BRDA:174,14,0,0
BRDA:174,14,1,0
BRF:30
BRH:0
end_of_record
